<?xml version="1.0" encoding="UTF-8"?>
<!-- Generated by org.testng.reporters.JUnitXMLReporter -->
<testsuite ignored="0" hostname="DESKTOP-K6PT340" failures="1" tests="3" name="TestChrome" time="14.12" errors="0" timestamp="2025-10-26T18:49:58 IST">
  <testcase classname="listener_ExtentReport.TestClass" name="testLogo" time="0.433"/>
  <testcase classname="listener_ExtentReport.TestClass" name="testURL" time="0.028">
    <failure type="java.lang.AssertionError" message="expected [https://www.geeksforgeeks.org/software-testing/automation-testing-software-] but found [https://www.geeksforgeeks.org/software-testing/automation-testing-software-testing/]">
      <![CDATA[java.lang.AssertionError: expected [https://www.geeksforgeeks.org/software-testing/automation-testing-software-] but found [https://www.geeksforgeeks.org/software-testing/automation-testing-software-testing/]
at listener_ExtentReport.TestClass.testURL(TestClass.java:56)
at java.base/java.util.ArrayList.forEach(ArrayList.java:1597)
at java.base/java.util.concurrent.FutureTask.run(FutureTask.java:317)
at java.base/java.util.concurrent.ThreadPoolExecutor.runWorker(ThreadPoolExecutor.java:1144)
at java.base/java.util.concurrent.ThreadPoolExecutor$Worker.run(ThreadPoolExecutor.java:642)
at java.base/java.lang.Thread.run(Thread.java:1570)
... Removed 22 stack frames]]>
    </failure>
  </testcase> <!-- testURL -->
  <testcase classname="listener_ExtentReport.TestClass" name="testSkip" time="0.001">
    <skipped/>
  </testcase> <!-- testSkip -->
</testsuite> <!-- TestChrome -->
